<ns0:test-suite xmlns:ns0="urn:model.allure.qatools.yandex.ru" start="1585219693620" stop="1585219706282">
  <description>

Author:micheryu
Date:2020/3/20
Motto: 能用脑，就别动手~
</description>
  <name>testcases</name>
  <labels/>
  <test-cases>
    <test-case start="1585219693620" status="passed" stop="1585219693634">
      <name>test_Add.test_math.test_add</name>
      <attachments/>
      <labels>
        <label name="story" value="测试加法"/>
        <label name="feature" value="测试搜索关键字"/>
        <label name="severity" value="normal"/>
        <label name="thread" value="2624-MainThread"/>
        <label name="host" value="yubaoqiangwb10154"/>
        <label name="framework" value="pytest"/>
        <label name="language" value="cpython3"/>
      </labels>
      <steps>
        <step start="1585219693634" status="passed" stop="1585219693634">
          <name>输入数字</name>
          <title>输入数字</title>
          <attachments>
            <attachment source="694dfdd0-3003-4256-bea9-fa8a4b171937-attachment.txt" title="输入第一个数字:" type="text/plain"/>
            <attachment source="195a2509-f8eb-4489-98be-3b9880e883b1-attachment.txt" title="输入第二个数字:" type="text/plain"/>
          </attachments>
          <steps/>
        </step>
      </steps>
    </test-case>
    <test-case start="1585219693636" status="passed" stop="1585219693637">
      <description>
    用例描述：Test case 01
    :return: True or False
    </description>
      <name>test_allure.test_01</name>
      <attachments/>
      <labels>
        <label name="severity" value="normal"/>
        <label name="thread" value="2624-MainThread"/>
        <label name="host" value="yubaoqiangwb10154"/>
        <label name="framework" value="pytest"/>
        <label name="language" value="cpython3"/>
      </labels>
      <steps/>
    </test-case>
    <test-case start="1585219693638" status="failed" stop="1585219693708">
      <name>test_allure.test_02</name>
      <failure>
        <message>AssertionError: assert 'x' in 'hello'</message>
        <stack-trace>def test_02():
        x = "hello"
&gt;       assert 'x' in x
E       AssertionError: assert 'x' in 'hello'

test_allure.py:20: AssertionError</stack-trace>
      </failure>
      <attachments/>
      <labels>
        <label name="severity" value="normal"/>
        <label name="thread" value="2624-MainThread"/>
        <label name="host" value="yubaoqiangwb10154"/>
        <label name="framework" value="pytest"/>
        <label name="language" value="cpython3"/>
      </labels>
      <steps/>
    </test-case>
    <test-case start="1585219693708" status="passed" stop="1585219693709">
      <description>
    用例描述：测试add（）返回结果是否一致
    :return:
    </description>
      <name>test_allure.test_add</name>
      <attachments/>
      <labels>
        <label name="severity" value="normal"/>
        <label name="thread" value="2624-MainThread"/>
        <label name="host" value="yubaoqiangwb10154"/>
        <label name="framework" value="pytest"/>
        <label name="language" value="cpython3"/>
      </labels>
      <steps/>
    </test-case>
    <test-case start="1585219693709" status="passed" stop="1585219695257">
      <description>
        测试获取登陆状态
        :param action:
        :return:
        </description>
      <name>test_approvePage.Test_login.test_login_01</name>
      <attachments/>
      <labels>
        <label name="feature" value="待审批列表"/>
        <label name="story" value="待我审批"/>
        <label name="severity" value="blocker"/>
        <label name="thread" value="2624-MainThread"/>
        <label name="host" value="yubaoqiangwb10154"/>
        <label name="framework" value="pytest"/>
        <label name="language" value="cpython3"/>
      </labels>
      <steps>
        <step start="1585219695256" status="passed" stop="1585219695256">
          <name>校验结果</name>
          <title>校验结果</title>
          <attachments>
            <attachment source="6336fd8d-cf6f-48c2-b1ba-b9af2be9947e-attachment.txt" title="校验返回code" type="text/plain"/>
            <attachment source="6d4e3779-10de-4cac-b3e2-78c098e27679-attachment.txt" title="校验返回message" type="text/plain"/>
          </attachments>
          <steps/>
        </step>
      </steps>
    </test-case>
    <test-case start="1585219695263" status="failed" stop="1585219695271">
      <name>test_buycar.TestShoppingTrolley.test_add_shopping_trolley</name>
      <failure>
        <message>AssertionError: assert 'success' == 'failed'
  - success
  + failed</message>
        <stack-trace>self = &lt;testcases.test_buycar.TestShoppingTrolley object at 0x0000025EC61BA7C8&gt;

    @allure.story('加入购物车')  # 用story说明用户场景，可以理解为JIRA中的Story
    def test_add_shopping_trolley(self):
        login('yubaoqiang', '10154')  # 步骤1，调用“step函数”
        with allure.step("浏览商品"):  # 步骤2，step的参数将会打印到测试报告中
            allure.attach('笔记本', '商品1')  # attach可以打印一些附加信息
            allure.attach('手机', '商品2')
        with allure.step("点击商品"):  # 步骤3
            pass
        with allure.step("校验结果"):  # 步骤4
            allure.attach('添加购物车成功', '期望结果')
            allure.attach('添加购物车失败', '实际结果')
&gt;           assert 'success' == 'failed'
E           AssertionError: assert 'success' == 'failed'
E             - success
E             + failed

test_buycar.py:26: AssertionError</stack-trace>
      </failure>
      <attachments/>
      <labels>
        <label name="story" value="加入购物车"/>
        <label name="feature" value="购物车功能"/>
        <label name="severity" value="normal"/>
        <label name="thread" value="2624-MainThread"/>
        <label name="host" value="yubaoqiangwb10154"/>
        <label name="framework" value="pytest"/>
        <label name="language" value="cpython3"/>
      </labels>
      <steps>
        <step start="1585219695265" status="passed" stop="1585219695265">
          <name>用户登录</name>
          <title>用户登录</title>
          <attachments/>
          <steps/>
        </step>
        <step start="1585219695265" status="passed" stop="1585219695265">
          <name>浏览商品</name>
          <title>浏览商品</title>
          <attachments>
            <attachment source="cff86477-928a-485c-94d2-3b5bf5b83284-attachment.txt" title="笔记本" type="text/plain"/>
            <attachment source="4a398b72-2d76-4f13-bc77-70ef4a78234d-attachment.txt" title="手机" type="text/plain"/>
          </attachments>
          <steps/>
        </step>
        <step start="1585219695265" status="passed" stop="1585219695265">
          <name>点击商品</name>
          <title>点击商品</title>
          <attachments/>
          <steps/>
        </step>
        <step start="1585219695265" status="failed" stop="1585219695265">
          <name>校验结果</name>
          <title>校验结果</title>
          <attachments>
            <attachment source="72dba351-28f5-4007-8371-8327d6eb804a-attachment.txt" title="添加购物车成功" type="text/plain"/>
            <attachment source="0310e70d-b193-462a-bf2a-114789cdac7d-attachment.txt" title="添加购物车失败" type="text/plain"/>
          </attachments>
          <steps/>
        </step>
      </steps>
    </test-case>
    <test-case start="1585219695275" status="passed" stop="1585219695276">
      <name>test_buycar.TestShoppingTrolley.test_edit_shopping_trolley</name>
      <attachments/>
      <labels>
        <label name="story" value="修改购物车"/>
        <label name="feature" value="购物车功能"/>
        <label name="severity" value="normal"/>
        <label name="thread" value="2624-MainThread"/>
        <label name="host" value="yubaoqiangwb10154"/>
        <label name="framework" value="pytest"/>
        <label name="language" value="cpython3"/>
      </labels>
      <steps/>
    </test-case>
    <test-case start="1585219695277" status="canceled" stop="1585219695277">
      <name>test_buycar.TestShoppingTrolley.test_delete_shopping_trolley</name>
      <failure>
        <message>Skipped: 本次不执行</message>
        <stack-trace></stack-trace>
      </failure>
      <attachments/>
      <labels>
        <label name="feature" value="购物车功能"/>
        <label name="story" value="删除购物车中商品"/>
        <label name="severity" value="normal"/>
        <label name="thread" value="2624-MainThread"/>
        <label name="host" value="yubaoqiangwb10154"/>
        <label name="framework" value="pytest"/>
        <label name="language" value="cpython3"/>
      </labels>
      <steps/>
    </test-case>
    <test-case start="1585219695278" status="passed" stop="1585219703726">
      <name>test_search.TestCase.testcase_01</name>
      <attachments/>
      <labels>
        <label name="story" value="搜索ABC"/>
        <label name="feature" value="测试搜索关键字"/>
        <label name="severity" value="normal"/>
        <label name="thread" value="2624-MainThread"/>
        <label name="host" value="yubaoqiangwb10154"/>
        <label name="framework" value="pytest"/>
        <label name="language" value="cpython3"/>
      </labels>
      <steps>
        <step start="1585219701274" status="passed" stop="1585219702716">
          <name>搜索ABC</name>
          <title>搜索ABC</title>
          <attachments>
            <attachment source="a9c25b7a-56a0-47cc-879b-232dcaccc961-attachment.txt" title="输入框输入" type="text/plain"/>
            <attachment source="e9e06a2f-3cea-427f-bbbd-c7c8e5d1e7ef-attachment.txt" title="点击按钮" type="text/plain"/>
          </attachments>
          <steps/>
        </step>
      </steps>
    </test-case>
    <test-case start="1585219703731" status="passed" stop="1585219706282">
      <name>test_search.TestCase.testcase_02</name>
      <attachments/>
      <labels>
        <label name="story" value="搜索python"/>
        <label name="feature" value="测试搜索关键字"/>
        <label name="severity" value="normal"/>
        <label name="thread" value="2624-MainThread"/>
        <label name="host" value="yubaoqiangwb10154"/>
        <label name="framework" value="pytest"/>
        <label name="language" value="cpython3"/>
      </labels>
      <steps>
        <step start="1585219704122" status="passed" stop="1585219705243">
          <name>搜索python</name>
          <title>搜索python</title>
          <attachments>
            <attachment source="05ba4ae3-c0c7-4eaa-8379-9717d3140006-attachment.txt" title="输入框输入" type="text/plain"/>
            <attachment source="ad8659e6-1184-49bd-b06a-d43e24c8b627-attachment.txt" title="点击按钮" type="text/plain"/>
          </attachments>
          <steps/>
        </step>
      </steps>
    </test-case>
  </test-cases>
</ns0:test-suite>
